[2018-08-11 13:59:19.862] [exthost1] [info] extension host started
[2018-08-11 13:59:19.887] [exthost1] [info] ExtensionService#_doActivateExtension vscode.emmet {"startup":true,"activationEvent":"*"}
[2018-08-11 13:59:19.887] [exthost1] [info] ExtensionService#loadCommonJSModule c:\Users\Admin\.codemix\engine\resources\app\extensions\emmet\out\extension
[2018-08-11 13:59:20.619] [exthost1] [info] ExtensionService#_doActivateExtension vscode.git {"startup":true,"activationEvent":"*"}
[2018-08-11 13:59:20.619] [exthost1] [info] ExtensionService#loadCommonJSModule c:\Users\Admin\.codemix\engine\resources\app\extensions\git\out\main
[2018-08-11 13:59:21.976] [exthost1] [info] ExtensionService#_doActivateExtension vscode.merge-conflict {"startup":true,"activationEvent":"*"}
[2018-08-11 13:59:21.976] [exthost1] [info] ExtensionService#loadCommonJSModule c:\Users\Admin\.codemix\engine\resources\app\extensions\merge-conflict\out\extension
[2018-08-11 13:59:22.064] [exthost1] [info] ExtensionService#_doActivateExtension vscode.search-rg {"startup":true,"activationEvent":"*"}
[2018-08-11 13:59:22.064] [exthost1] [info] ExtensionService#loadCommonJSModule c:\Users\Admin\.codemix\engine\resources\app\extensions\search-rg\out\extension
[2018-08-11 13:59:22.110] [exthost1] [info] ExtensionService#_doActivateExtension christian-kohler.path-intellisense {"startup":true,"activationEvent":"*"}
[2018-08-11 13:59:22.110] [exthost1] [info] ExtensionService#loadCommonJSModule C:\Users\Admin\.vscode\extensions\christian-kohler.path-intellisense-1.4.2\out\src\extension
[2018-08-11 13:59:22.197] [exthost1] [info] ExtensionService#_doActivateExtension dbaeumer.vscode-eslint {"startup":true,"activationEvent":"*"}
[2018-08-11 13:59:22.197] [exthost1] [info] ExtensionService#loadCommonJSModule C:\Users\Admin\.vscode\extensions\dbaeumer.vscode-eslint-1.4.10\client\out\extension
[2018-08-11 13:59:22.588] [exthost1] [info] ExtensionService#_doActivateExtension formulahendry.auto-close-tag {"startup":true,"activationEvent":"*"}
[2018-08-11 13:59:22.588] [exthost1] [info] ExtensionService#loadCommonJSModule C:\Users\Admin\.vscode\extensions\formulahendry.auto-close-tag-0.5.6\out\src\extension
[2018-08-11 13:59:22.596] [exthost1] [info] ExtensionService#_doActivateExtension HookyQR.beautify {"startup":true,"activationEvent":"*"}
[2018-08-11 13:59:22.596] [exthost1] [info] ExtensionService#loadCommonJSModule C:\Users\Admin\.vscode\extensions\hookyqr.beautify-1.3.0\extension
[2018-08-11 13:59:22.801] [exthost1] [info] ExtensionService#_doActivateExtension Zignd.html-css-class-completion {"startup":true,"activationEvent":"*"}
[2018-08-11 13:59:22.801] [exthost1] [info] ExtensionService#loadCommonJSModule C:\Users\Admin\.vscode\extensions\zignd.html-css-class-completion-1.17.1\out\src\extension
[2018-08-11 13:59:25.322] [exthost1] [info] eager extensions activated
[2018-08-11 13:59:25.326] [exthost1] [info] ExtensionService#_doActivateExtension vscode.configuration-editing {"startup":false,"activationEvent":"onLanguage:jsonc"}
[2018-08-11 13:59:25.326] [exthost1] [info] ExtensionService#loadCommonJSModule c:\Users\Admin\.codemix\engine\resources\app\extensions\configuration-editing\out\extension
[2018-08-11 13:59:25.380] [exthost1] [info] ExtensionService#_doActivateExtension vscode.json-language-features {"startup":false,"activationEvent":"onLanguage:jsonc"}
[2018-08-11 13:59:25.380] [exthost1] [info] ExtensionService#loadCommonJSModule c:\Users\Admin\.codemix\engine\resources\app\extensions\json-language-features\client\out\jsonMain
[2018-08-11 15:06:07.124] [exthost1] [info] ExtensionService#_doActivateExtension octref.vetur {"startup":false,"activationEvent":"onLanguage:vue"}
[2018-08-11 15:06:07.124] [exthost1] [info] ExtensionService#loadCommonJSModule C:\Users\Admin\.vscode\extensions\octref.vetur-0.12.3\out\vueMain
[2018-08-11 15:40:27.416] [exthost1] [info] ExtensionService#_doActivateExtension vscode.typescript-language-features {"startup":false,"activationEvent":"onLanguage:javascript"}
[2018-08-11 15:40:27.416] [exthost1] [info] ExtensionService#loadCommonJSModule c:\Users\Admin\.codemix\engine\resources\app\extensions\typescript-language-features\out\extension
[2018-08-11 15:40:28.304] [exthost1] [info] ExtensionService#_doActivateExtension christian-kohler.npm-intellisense {"startup":false,"activationEvent":"onLanguage:javascript"}
[2018-08-11 15:40:28.304] [exthost1] [info] ExtensionService#loadCommonJSModule C:\Users\Admin\.vscode\extensions\christian-kohler.npm-intellisense-1.2.1\out\src\extension
[2018-08-11 17:20:57.380] [exthost1] [info] ExtensionService#_doActivateExtension vscode.extension-editing {"startup":false,"activationEvent":"onLanguage:typescript"}
[2018-08-11 17:20:57.380] [exthost1] [info] ExtensionService#loadCommonJSModule c:\Users\Admin\.codemix\engine\resources\app\extensions\extension-editing\out\extension
[2018-08-12 13:08:48.328] [exthost1] [info] ExtensionService#_doActivateExtension vscode.html-language-features {"startup":false,"activationEvent":"onLanguage:html"}
[2018-08-12 13:08:48.328] [exthost1] [info] ExtensionService#loadCommonJSModule c:\Users\Admin\.codemix\engine\resources\app\extensions\html-language-features\client\out\htmlMain
[2018-08-12 13:08:49.246] [exthost1] [info] ExtensionService#_doActivateExtension mkaufman.HTMLHint {"startup":false,"activationEvent":"onLanguage:html"}
[2018-08-12 13:08:49.246] [exthost1] [info] ExtensionService#loadCommonJSModule C:\Users\Admin\.vscode\extensions\mkaufman.htmlhint-0.5.0\out\extension
