[2018-08-12 18:51:10.480] [exthost1] [info] extension host started
[2018-08-12 18:51:10.537] [exthost1] [info] ExtensionService#_doActivateExtension vscode.emmet {"startup":true,"activationEvent":"*"}
[2018-08-12 18:51:10.538] [exthost1] [info] ExtensionService#loadCommonJSModule c:\Users\Admin\.codemix\engine\resources\app\extensions\emmet\out\extension
[2018-08-12 18:51:10.610] [exthost1] [info] ExtensionService#_doActivateExtension vscode.git {"startup":true,"activationEvent":"*"}
[2018-08-12 18:51:10.610] [exthost1] [info] ExtensionService#loadCommonJSModule c:\Users\Admin\.codemix\engine\resources\app\extensions\git\out\main
[2018-08-12 18:51:10.960] [exthost1] [info] ExtensionService#_doActivateExtension vscode.merge-conflict {"startup":true,"activationEvent":"*"}
[2018-08-12 18:51:10.960] [exthost1] [info] ExtensionService#loadCommonJSModule c:\Users\Admin\.codemix\engine\resources\app\extensions\merge-conflict\out\extension
[2018-08-12 18:51:10.986] [exthost1] [info] ExtensionService#_doActivateExtension vscode.search-rg {"startup":true,"activationEvent":"*"}
[2018-08-12 18:51:10.986] [exthost1] [info] ExtensionService#loadCommonJSModule c:\Users\Admin\.codemix\engine\resources\app\extensions\search-rg\out\extension
[2018-08-12 18:51:11.004] [exthost1] [info] ExtensionService#_doActivateExtension christian-kohler.path-intellisense {"startup":true,"activationEvent":"*"}
[2018-08-12 18:51:11.004] [exthost1] [info] ExtensionService#loadCommonJSModule C:\Users\Admin\.vscode\extensions\christian-kohler.path-intellisense-1.4.2\out\src\extension
[2018-08-12 18:51:11.023] [exthost1] [info] ExtensionService#_doActivateExtension dbaeumer.vscode-eslint {"startup":true,"activationEvent":"*"}
[2018-08-12 18:51:11.023] [exthost1] [info] ExtensionService#loadCommonJSModule C:\Users\Admin\.vscode\extensions\dbaeumer.vscode-eslint-1.4.10\client\out\extension
[2018-08-12 18:51:11.168] [exthost1] [info] ExtensionService#_doActivateExtension formulahendry.auto-close-tag {"startup":true,"activationEvent":"*"}
[2018-08-12 18:51:11.168] [exthost1] [info] ExtensionService#loadCommonJSModule C:\Users\Admin\.vscode\extensions\formulahendry.auto-close-tag-0.5.6\out\src\extension
[2018-08-12 18:51:11.170] [exthost1] [info] ExtensionService#_doActivateExtension HookyQR.beautify {"startup":true,"activationEvent":"*"}
[2018-08-12 18:51:11.170] [exthost1] [info] ExtensionService#loadCommonJSModule C:\Users\Admin\.vscode\extensions\hookyqr.beautify-1.3.0\extension
[2018-08-12 18:51:11.273] [exthost1] [info] ExtensionService#_doActivateExtension Zignd.html-css-class-completion {"startup":true,"activationEvent":"*"}
[2018-08-12 18:51:11.273] [exthost1] [info] ExtensionService#loadCommonJSModule C:\Users\Admin\.vscode\extensions\zignd.html-css-class-completion-1.17.1\out\src\extension
[2018-08-12 18:51:11.785] [exthost1] [info] eager extensions activated
[2018-08-12 18:51:11.785] [exthost1] [info] ExtensionService#_doActivateExtension vscode.configuration-editing {"startup":false,"activationEvent":"onLanguage:jsonc"}
[2018-08-12 18:51:11.785] [exthost1] [info] ExtensionService#loadCommonJSModule c:\Users\Admin\.codemix\engine\resources\app\extensions\configuration-editing\out\extension
[2018-08-12 18:51:11.794] [exthost1] [info] ExtensionService#_doActivateExtension vscode.json-language-features {"startup":false,"activationEvent":"onLanguage:jsonc"}
[2018-08-12 18:51:11.794] [exthost1] [info] ExtensionService#loadCommonJSModule c:\Users\Admin\.codemix\engine\resources\app\extensions\json-language-features\client\out\jsonMain
[2018-08-12 18:54:48.736] [exthost1] [info] ExtensionService#_doActivateExtension vscode.typescript-language-features {"startup":false,"activationEvent":"onLanguage:javascript"}
[2018-08-12 18:54:48.736] [exthost1] [info] ExtensionService#loadCommonJSModule c:\Users\Admin\.codemix\engine\resources\app\extensions\typescript-language-features\out\extension
[2018-08-12 18:54:48.921] [exthost1] [info] ExtensionService#_doActivateExtension christian-kohler.npm-intellisense {"startup":false,"activationEvent":"onLanguage:javascript"}
[2018-08-12 18:54:48.921] [exthost1] [info] ExtensionService#loadCommonJSModule C:\Users\Admin\.vscode\extensions\christian-kohler.npm-intellisense-1.2.1\out\src\extension
