[2018-08-12 18:01:06.209] [exthost1] [info] extension host started
[2018-08-12 18:01:06.230] [exthost1] [info] ExtensionService#_doActivateExtension vscode.emmet {"startup":true,"activationEvent":"*"}
[2018-08-12 18:01:06.230] [exthost1] [info] ExtensionService#loadCommonJSModule c:\Users\Admin\.codemix\engine\resources\app\extensions\emmet\out\extension
[2018-08-12 18:01:06.923] [exthost1] [info] ExtensionService#_doActivateExtension vscode.git {"startup":true,"activationEvent":"*"}
[2018-08-12 18:01:06.923] [exthost1] [info] ExtensionService#loadCommonJSModule c:\Users\Admin\.codemix\engine\resources\app\extensions\git\out\main
[2018-08-12 18:01:08.344] [exthost1] [info] ExtensionService#_doActivateExtension vscode.merge-conflict {"startup":true,"activationEvent":"*"}
[2018-08-12 18:01:08.344] [exthost1] [info] ExtensionService#loadCommonJSModule c:\Users\Admin\.codemix\engine\resources\app\extensions\merge-conflict\out\extension
[2018-08-12 18:01:08.435] [exthost1] [info] ExtensionService#_doActivateExtension vscode.search-rg {"startup":true,"activationEvent":"*"}
[2018-08-12 18:01:08.435] [exthost1] [info] ExtensionService#loadCommonJSModule c:\Users\Admin\.codemix\engine\resources\app\extensions\search-rg\out\extension
[2018-08-12 18:01:08.482] [exthost1] [info] ExtensionService#_doActivateExtension christian-kohler.path-intellisense {"startup":true,"activationEvent":"*"}
[2018-08-12 18:01:08.482] [exthost1] [info] ExtensionService#loadCommonJSModule C:\Users\Admin\.vscode\extensions\christian-kohler.path-intellisense-1.4.2\out\src\extension
[2018-08-12 18:01:08.575] [exthost1] [info] ExtensionService#_doActivateExtension dbaeumer.vscode-eslint {"startup":true,"activationEvent":"*"}
[2018-08-12 18:01:08.575] [exthost1] [info] ExtensionService#loadCommonJSModule C:\Users\Admin\.vscode\extensions\dbaeumer.vscode-eslint-1.4.10\client\out\extension
[2018-08-12 18:01:08.972] [exthost1] [info] ExtensionService#_doActivateExtension formulahendry.auto-close-tag {"startup":true,"activationEvent":"*"}
[2018-08-12 18:01:08.972] [exthost1] [info] ExtensionService#loadCommonJSModule C:\Users\Admin\.vscode\extensions\formulahendry.auto-close-tag-0.5.6\out\src\extension
[2018-08-12 18:01:08.979] [exthost1] [info] ExtensionService#_doActivateExtension HookyQR.beautify {"startup":true,"activationEvent":"*"}
[2018-08-12 18:01:08.979] [exthost1] [info] ExtensionService#loadCommonJSModule C:\Users\Admin\.vscode\extensions\hookyqr.beautify-1.3.0\extension
[2018-08-12 18:01:09.200] [exthost1] [info] ExtensionService#_doActivateExtension Zignd.html-css-class-completion {"startup":true,"activationEvent":"*"}
[2018-08-12 18:01:09.200] [exthost1] [info] ExtensionService#loadCommonJSModule C:\Users\Admin\.vscode\extensions\zignd.html-css-class-completion-1.17.1\out\src\extension
[2018-08-12 18:01:11.633] [exthost1] [info] eager extensions activated
[2018-08-12 18:01:11.658] [exthost1] [info] ExtensionService#_doActivateExtension vscode.configuration-editing {"startup":false,"activationEvent":"onLanguage:jsonc"}
[2018-08-12 18:01:11.658] [exthost1] [info] ExtensionService#loadCommonJSModule c:\Users\Admin\.codemix\engine\resources\app\extensions\configuration-editing\out\extension
[2018-08-12 18:01:11.725] [exthost1] [info] ExtensionService#_doActivateExtension vscode.json-language-features {"startup":false,"activationEvent":"onLanguage:jsonc"}
[2018-08-12 18:01:11.725] [exthost1] [info] ExtensionService#loadCommonJSModule c:\Users\Admin\.codemix\engine\resources\app\extensions\json-language-features\client\out\jsonMain
[2018-08-12 18:03:10.111] [exthost1] [info] ExtensionService#_doActivateExtension octref.vetur {"startup":false,"activationEvent":"onLanguage:vue"}
[2018-08-12 18:03:10.111] [exthost1] [info] ExtensionService#loadCommonJSModule C:\Users\Admin\.vscode\extensions\octref.vetur-0.12.3\out\vueMain
[2018-08-12 18:15:23.853] [exthost1] [info] ExtensionService#_doActivateExtension vscode.typescript-language-features {"startup":false,"activationEvent":"onLanguage:javascript"}
[2018-08-12 18:15:23.853] [exthost1] [info] ExtensionService#loadCommonJSModule c:\Users\Admin\.codemix\engine\resources\app\extensions\typescript-language-features\out\extension
[2018-08-12 18:15:24.753] [exthost1] [info] ExtensionService#_doActivateExtension christian-kohler.npm-intellisense {"startup":false,"activationEvent":"onLanguage:javascript"}
[2018-08-12 18:15:24.753] [exthost1] [info] ExtensionService#loadCommonJSModule C:\Users\Admin\.vscode\extensions\christian-kohler.npm-intellisense-1.2.1\out\src\extension
